<?xml version="1.0" encoding="UTF-8"?>
<!-- Generated by org.testng.reporters.JUnitReportReporter -->
<testsuite hostname="Sanshu2093" failures="0" tests="2" name="testngdemo.OrangeHrmPIMwithAssert" time="14.790" errors="0" timestamp="2024-04-17T16:49:15 IST" skipped="0">
  <testcase classname="testngdemo.OrangeHrmPIMwithAssert" name="testOrangeHrmLogin_NegativeFlow" time="7.874"/>
  <system-out/>
  <testcase classname="testngdemo.OrangeHrmPIMwithAssert" name="testOrangeHrmLogin_PositiveFlow" time="6.916"/>
  <system-out/>
</testsuite> <!-- testngdemo.OrangeHrmPIMwithAssert -->
