<?xml version="1.0" encoding="UTF-8"?>
<!-- Generated by org.testng.reporters.JUnitReportReporter -->
<testsuite hostname="Sanshu2093" failures="0" tests="4" name="testngdemo.Assignment" time="21.120" errors="0" timestamp="2024-04-19T16:09:24 IST" skipped="0">
  <testcase classname="testngdemo.Assignment" name="orangeHRM_PIMDelete" time="0.013"/>
  <system-out/>
  <testcase classname="testngdemo.Assignment" name="sourceDemoShopping" time="5.449"/>
  <system-out/>
  <testcase classname="testngdemo.Assignment" name="orangeHRM_PIMCreation" time="12.848"/>
  <system-out/>
  <testcase classname="testngdemo.Assignment" name="orangeHRM_PIMUpdate" time="2.810"/>
  <system-out/>
</testsuite> <!-- testngdemo.Assignment -->
