<?xml version="1.0" encoding="UTF-8"?>
<!-- Generated by org.testng.reporters.JUnitReportReporter -->
<testsuite hostname="Sanshu2093" failures="0" tests="2" name="testngdemo.OrangeHrmPIM" time="15.776" errors="0" timestamp="2024-04-21T14:41:56 IST" skipped="0">
  <testcase classname="testngdemo.OrangeHrmPIM" name="testOrangeHrmLogin_NegativeFlow" time="8.556"/>
  <system-out/>
  <testcase classname="testngdemo.OrangeHrmPIM" name="testOrangeHrmLogin_PositiveFlow" time="7.220"/>
  <system-out/>
</testsuite> <!-- testngdemo.OrangeHrmPIM -->
