<?xml version="1.0" encoding="UTF-8"?>
<!-- Generated by org.testng.reporters.JUnitReportReporter -->
<testsuite hostname="Sanshu2093" failures="0" tests="2" name="testngdemo.AssignOrangeHRM" time="17.350" errors="0" timestamp="2024-04-19T15:17:46 IST" skipped="0">
  <testcase classname="testngdemo.AssignOrangeHRM" name="testPIM_Creation" time="7.413"/>
  <system-out/>
  <testcase classname="testngdemo.AssignOrangeHRM" name="testPIM_Update" time="9.937"/>
  <system-out/>
</testsuite> <!-- testngdemo.AssignOrangeHRM -->
