<?xml version="1.0" encoding="UTF-8"?>
<!-- Generated by org.testng.reporters.JUnitReportReporter -->
<testsuite hostname="Sanshu2093" failures="0" tests="1" name="testngdemo.Example5" time="0.001" errors="0" timestamp="2024-04-18T07:18:07 IST" skipped="0">
  <testcase classname="testngdemo.Example5" name="testCase1" time="0.001"/>
  <system-out/>
</testsuite> <!-- testngdemo.Example5 -->
