<?xml version="1.0" encoding="UTF-8"?>
<!-- Generated by org.testng.reporters.JUnitReportReporter -->
<testsuite hostname="Sanshu2093" failures="0" tests="4" name="testngdemo.Example3" time="0.003" errors="0" timestamp="2024-04-18T07:18:07 IST" skipped="1">
  <testcase classname="testngdemo.Example3" name="testcase4" time="0.001"/>
  <system-out/>
  <testcase classname="testngdemo.Example3" name="testcase1" time="0.001"/>
  <system-out/>
  <testcase classname="testngdemo.Example3" name="testcase2" time="0.001"/>
  <system-out/>
  <testcase classname="testngdemo.Example3" name="testcase3">
    <skipped/>
  </testcase> <!-- testcase3 -->
  <system-out/>
</testsuite> <!-- testngdemo.Example3 -->
